<?xml version="1.0" encoding="UTF-8"?>
<testsuite name="ListOfNameTest" tests="1" skipped="0" failures="0" errors="0" timestamp="2024-08-27T21:44:12" hostname="C11-VEB2UQKADO1" time="0.037">
  <properties/>
  <testcase name="testThiagoInList()" classname="ListOfNameTest" time="0.037"/>
  <system-out><![CDATA[]]></system-out>
  <system-err><![CDATA[]]></system-err>
</testsuite>
